CRITICAL - 2024-01-20 04:30:19 --> ErrorException: Undefined property: CodeIgniter\View\View::$App
in APPPATH\Views\page\history.php on line 7.
 1 APPPATH\Views\page\history.php(7): CodeIgniter\Debug\Exceptions->errorHandler(2, 'Undefined property: CodeIgniter\\View\\View::$App', 'D:\\web\\wwwroot\\dfggmc\\codeigniter4 - development\\app\\Views\\page\\history.php', 7)
 2 SYSTEMPATH\View\View.php(228): include('D:\\web\\wwwroot\\dfggmc\\codeigniter4 - development\\app\\Views\\page\\history.php')
 3 SYSTEMPATH\View\View.php(231): CodeIgniter\View\View->CodeIgniter\View\{closure}()
 4 SYSTEMPATH\Common.php(1178): CodeIgniter\View\View->render('page/history', [], true)
 5 APPPATH\Controllers\Page.php(13): view('page/history')
 6 SYSTEMPATH\CodeIgniter.php(941): App\Controllers\Page->history()
 7 SYSTEMPATH\CodeIgniter.php(502): CodeIgniter\CodeIgniter->runController(Object(App\Controllers\Page))
 8 SYSTEMPATH\CodeIgniter.php(361): CodeIgniter\CodeIgniter->handleRequest(null, Object(Config\Cache), false)
 9 FCPATH\index.php(79): CodeIgniter\CodeIgniter->run()
10 SYSTEMPATH\Commands\Server\rewrite.php(47): require_once('D:\\web\\wwwroot\\dfggmc\\codeigniter4 - development\\public\\index.php')
CRITICAL - 2024-01-20 04:30:19 --> ErrorException: Undefined property: CodeIgniter\View\View::$App
in APPPATH\Views\page\history.php on line 7.
 1 APPPATH\Views\page\history.php(7): CodeIgniter\Debug\Exceptions->errorHandler(2, 'Undefined property: CodeIgniter\\View\\View::$App', 'D:\\web\\wwwroot\\dfggmc\\codeigniter4 - development\\app\\Views\\page\\history.php', 7)
 2 SYSTEMPATH\View\View.php(228): include('D:\\web\\wwwroot\\dfggmc\\codeigniter4 - development\\app\\Views\\page\\history.php')
 3 SYSTEMPATH\View\View.php(231): CodeIgniter\View\View->CodeIgniter\View\{closure}()
 4 SYSTEMPATH\Common.php(1178): CodeIgniter\View\View->render('page/history', [], true)
 5 APPPATH\Controllers\Page.php(13): view('page/history')
 6 SYSTEMPATH\CodeIgniter.php(941): App\Controllers\Page->history()
 7 SYSTEMPATH\CodeIgniter.php(502): CodeIgniter\CodeIgniter->runController(Object(App\Controllers\Page))
 8 SYSTEMPATH\CodeIgniter.php(361): CodeIgniter\CodeIgniter->handleRequest(null, Object(Config\Cache), false)
 9 FCPATH\index.php(79): CodeIgniter\CodeIgniter->run()
10 SYSTEMPATH\Commands\Server\rewrite.php(47): require_once('D:\\web\\wwwroot\\dfggmc\\codeigniter4 - development\\public\\index.php')
CRITICAL - 2024-01-20 04:31:31 --> Error: Call to undefined method CodeIgniter\View\View::view()
in APPPATH\Views\page\history.php on line 7.
 1 SYSTEMPATH\View\View.php(228): include()
 2 SYSTEMPATH\View\View.php(231): CodeIgniter\View\View->CodeIgniter\View\{closure}()
 3 SYSTEMPATH\Common.php(1178): CodeIgniter\View\View->render('page/history', [], true)
 4 APPPATH\Controllers\Page.php(13): view('page/history')
 5 SYSTEMPATH\CodeIgniter.php(941): App\Controllers\Page->history()
 6 SYSTEMPATH\CodeIgniter.php(502): CodeIgniter\CodeIgniter->runController(Object(App\Controllers\Page))
 7 SYSTEMPATH\CodeIgniter.php(361): CodeIgniter\CodeIgniter->handleRequest(null, Object(Config\Cache), false)
 8 FCPATH\index.php(79): CodeIgniter\CodeIgniter->run()
 9 SYSTEMPATH\Commands\Server\rewrite.php(47): require_once('D:\\web\\wwwroot\\dfggmc\\codeigniter4 - development\\public\\index.php')
CRITICAL - 2024-01-20 04:34:17 --> ErrorException: Undefined property: CodeIgniter\View\View::$load
in APPPATH\Views\page\history.php on line 7.
 1 APPPATH\Views\page\history.php(7): CodeIgniter\Debug\Exceptions->errorHandler(2, 'Undefined property: CodeIgniter\\View\\View::$load', 'D:\\web\\wwwroot\\dfggmc\\codeigniter4 - development\\app\\Views\\page\\history.php', 7)
 2 SYSTEMPATH\View\View.php(228): include('D:\\web\\wwwroot\\dfggmc\\codeigniter4 - development\\app\\Views\\page\\history.php')
 3 SYSTEMPATH\View\View.php(231): CodeIgniter\View\View->CodeIgniter\View\{closure}()
 4 SYSTEMPATH\Common.php(1178): CodeIgniter\View\View->render('page/history', [], true)
 5 APPPATH\Controllers\Page.php(13): view('page/history')
 6 SYSTEMPATH\CodeIgniter.php(941): App\Controllers\Page->history()
 7 SYSTEMPATH\CodeIgniter.php(502): CodeIgniter\CodeIgniter->runController(Object(App\Controllers\Page))
 8 SYSTEMPATH\CodeIgniter.php(361): CodeIgniter\CodeIgniter->handleRequest(null, Object(Config\Cache), false)
 9 FCPATH\index.php(79): CodeIgniter\CodeIgniter->run()
10 SYSTEMPATH\Commands\Server\rewrite.php(47): require_once('D:\\web\\wwwroot\\dfggmc\\codeigniter4 - development\\public\\index.php')
CRITICAL - 2024-01-20 04:37:28 --> ErrorException: Undefined property: CodeIgniter\View\View::$load
in APPPATH\Views\page\history.php on line 7.
 1 APPPATH\Views\page\history.php(7): CodeIgniter\Debug\Exceptions->errorHandler(2, 'Undefined property: CodeIgniter\\View\\View::$load', 'D:\\web\\wwwroot\\dfggmc\\codeigniter4 - development\\app\\Views\\page\\history.php', 7)
 2 SYSTEMPATH\View\View.php(228): include('D:\\web\\wwwroot\\dfggmc\\codeigniter4 - development\\app\\Views\\page\\history.php')
 3 SYSTEMPATH\View\View.php(231): CodeIgniter\View\View->CodeIgniter\View\{closure}()
 4 SYSTEMPATH\Common.php(1178): CodeIgniter\View\View->render('page/history', [], true)
 5 APPPATH\Controllers\Page.php(13): view('page/history')
 6 SYSTEMPATH\CodeIgniter.php(941): App\Controllers\Page->history()
 7 SYSTEMPATH\CodeIgniter.php(502): CodeIgniter\CodeIgniter->runController(Object(App\Controllers\Page))
 8 SYSTEMPATH\CodeIgniter.php(361): CodeIgniter\CodeIgniter->handleRequest(null, Object(Config\Cache), false)
 9 FCPATH\index.php(79): CodeIgniter\CodeIgniter->run()
10 SYSTEMPATH\Commands\Server\rewrite.php(47): require_once('D:\\web\\wwwroot\\dfggmc\\codeigniter4 - development\\public\\index.php')
CRITICAL - 2024-01-20 04:39:01 --> ErrorException: require_once(D:\web\wwwroot\dfggmc\codeigniter4 - development\app\/public/toggleLi.php): Failed to open stream: No such file or directory
in APPPATH\Views\page\history.php on line 7.
 1 APPPATH\Views\page\history.php(7): CodeIgniter\Debug\Exceptions->errorHandler(2, 'require_once(D:\\web\\wwwroot\\dfggmc\\codeigniter4 - development\\app\\/public/toggleLi.php): Failed to open stream: No such file or directory', 'D:\\web\\wwwroot\\dfggmc\\codeigniter4 - development\\app\\Views\\page\\history.php', 7)
 2 APPPATH\Views\page\history.php(7): require_once()
 3 SYSTEMPATH\View\View.php(228): include('D:\\web\\wwwroot\\dfggmc\\codeigniter4 - development\\app\\Views\\page\\history.php')
 4 SYSTEMPATH\View\View.php(231): CodeIgniter\View\View->CodeIgniter\View\{closure}()
 5 SYSTEMPATH\Common.php(1178): CodeIgniter\View\View->render('page/history', [], true)
 6 APPPATH\Controllers\Page.php(13): view('page/history')
 7 SYSTEMPATH\CodeIgniter.php(941): App\Controllers\Page->history()
 8 SYSTEMPATH\CodeIgniter.php(502): CodeIgniter\CodeIgniter->runController(Object(App\Controllers\Page))
 9 SYSTEMPATH\CodeIgniter.php(361): CodeIgniter\CodeIgniter->handleRequest(null, Object(Config\Cache), false)
10 FCPATH\index.php(79): CodeIgniter\CodeIgniter->run()
11 SYSTEMPATH\Commands\Server\rewrite.php(47): require_once('D:\\web\\wwwroot\\dfggmc\\codeigniter4 - development\\public\\index.php')
CRITICAL - 2024-01-20 04:39:01 --> ErrorException: require_once(D:\web\wwwroot\dfggmc\codeigniter4 - development\app\/public/toggleLi.php): Failed to open stream: No such file or directory
in APPPATH\Views\page\history.php on line 7.
 1 APPPATH\Views\page\history.php(7): CodeIgniter\Debug\Exceptions->errorHandler(2, 'require_once(D:\\web\\wwwroot\\dfggmc\\codeigniter4 - development\\app\\/public/toggleLi.php): Failed to open stream: No such file or directory', 'D:\\web\\wwwroot\\dfggmc\\codeigniter4 - development\\app\\Views\\page\\history.php', 7)
 2 APPPATH\Views\page\history.php(7): require_once()
 3 SYSTEMPATH\View\View.php(228): include('D:\\web\\wwwroot\\dfggmc\\codeigniter4 - development\\app\\Views\\page\\history.php')
 4 SYSTEMPATH\View\View.php(231): CodeIgniter\View\View->CodeIgniter\View\{closure}()
 5 SYSTEMPATH\Common.php(1178): CodeIgniter\View\View->render('page/history', [], true)
 6 APPPATH\Controllers\Page.php(13): view('page/history')
 7 SYSTEMPATH\CodeIgniter.php(941): App\Controllers\Page->history()
 8 SYSTEMPATH\CodeIgniter.php(502): CodeIgniter\CodeIgniter->runController(Object(App\Controllers\Page))
 9 SYSTEMPATH\CodeIgniter.php(361): CodeIgniter\CodeIgniter->handleRequest(null, Object(Config\Cache), false)
10 FCPATH\index.php(79): CodeIgniter\CodeIgniter->run()
11 SYSTEMPATH\Commands\Server\rewrite.php(47): require_once('D:\\web\\wwwroot\\dfggmc\\codeigniter4 - development\\public\\index.php')
CRITICAL - 2024-01-20 04:39:49 --> ErrorException: require_once(D:\web\wwwroot\dfggmc\codeigniter4 - development\app\/app/Views/public/toggleLi.php): Failed to open stream: No such file or directory
in APPPATH\Views\page\history.php on line 7.
 1 APPPATH\Views\page\history.php(7): CodeIgniter\Debug\Exceptions->errorHandler(2, 'require_once(D:\\web\\wwwroot\\dfggmc\\codeigniter4 - development\\app\\/app/Views/public/toggleLi.php): Failed to open stream: No such file or directory', 'D:\\web\\wwwroot\\dfggmc\\codeigniter4 - development\\app\\Views\\page\\history.php', 7)
 2 APPPATH\Views\page\history.php(7): require_once()
 3 SYSTEMPATH\View\View.php(228): include('D:\\web\\wwwroot\\dfggmc\\codeigniter4 - development\\app\\Views\\page\\history.php')
 4 SYSTEMPATH\View\View.php(231): CodeIgniter\View\View->CodeIgniter\View\{closure}()
 5 SYSTEMPATH\Common.php(1178): CodeIgniter\View\View->render('page/history', [], true)
 6 APPPATH\Controllers\Page.php(13): view('page/history')
 7 SYSTEMPATH\CodeIgniter.php(941): App\Controllers\Page->history()
 8 SYSTEMPATH\CodeIgniter.php(502): CodeIgniter\CodeIgniter->runController(Object(App\Controllers\Page))
 9 SYSTEMPATH\CodeIgniter.php(361): CodeIgniter\CodeIgniter->handleRequest(null, Object(Config\Cache), false)
10 FCPATH\index.php(79): CodeIgniter\CodeIgniter->run()
11 SYSTEMPATH\Commands\Server\rewrite.php(47): require_once('D:\\web\\wwwroot\\dfggmc\\codeigniter4 - development\\public\\index.php')
CRITICAL - 2024-01-20 13:18:25 --> Error: Undefined constant "ro"
in APPPATH\Views\public\footer.php on line 15.
 1 SYSTEMPATH\View\View.php(228): include()
 2 SYSTEMPATH\View\View.php(231): CodeIgniter\View\View->CodeIgniter\View\{closure}()
 3 SYSTEMPATH\Common.php(1178): CodeIgniter\View\View->render('public/footer', [], true)
 4 APPPATH\Controllers\Home.php(14): view('public/footer')
 5 SYSTEMPATH\CodeIgniter.php(941): App\Controllers\Home->index()
 6 SYSTEMPATH\CodeIgniter.php(502): CodeIgniter\CodeIgniter->runController(Object(App\Controllers\Home))
 7 SYSTEMPATH\CodeIgniter.php(361): CodeIgniter\CodeIgniter->handleRequest(null, Object(Config\Cache), false)
 8 FCPATH\index.php(79): CodeIgniter\CodeIgniter->run()
 9 SYSTEMPATH\Commands\Server\rewrite.php(47): require_once('D:\\web\\wwwroot\\dfggmc\\codeigniter4 - development\\public\\index.php')
CRITICAL - 2024-01-20 13:18:52 --> ErrorException: require_once(D:\web\wwwroot\dfggmc\codeigniter4 - development\app\/public/music_player.php): Failed to open stream: No such file or directory
in APPPATH\Views\public\footer.php on line 15.
 1 APPPATH\Views\public\footer.php(15): CodeIgniter\Debug\Exceptions->errorHandler(2, 'require_once(D:\\web\\wwwroot\\dfggmc\\codeigniter4 - development\\app\\/public/music_player.php): Failed to open stream: No such file or directory', 'D:\\web\\wwwroot\\dfggmc\\codeigniter4 - development\\app\\Views\\public\\footer.php', 15)
 2 APPPATH\Views\public\footer.php(15): require_once()
 3 SYSTEMPATH\View\View.php(228): include('D:\\web\\wwwroot\\dfggmc\\codeigniter4 - development\\app\\Views\\public\\footer.php')
 4 SYSTEMPATH\View\View.php(231): CodeIgniter\View\View->CodeIgniter\View\{closure}()
 5 SYSTEMPATH\Common.php(1178): CodeIgniter\View\View->render('public/footer', [], true)
 6 APPPATH\Controllers\Home.php(14): view('public/footer')
 7 SYSTEMPATH\CodeIgniter.php(941): App\Controllers\Home->index()
 8 SYSTEMPATH\CodeIgniter.php(502): CodeIgniter\CodeIgniter->runController(Object(App\Controllers\Home))
 9 SYSTEMPATH\CodeIgniter.php(361): CodeIgniter\CodeIgniter->handleRequest(null, Object(Config\Cache), false)
10 FCPATH\index.php(79): CodeIgniter\CodeIgniter->run()
11 SYSTEMPATH\Commands\Server\rewrite.php(47): require_once('D:\\web\\wwwroot\\dfggmc\\codeigniter4 - development\\public\\index.php')
CRITICAL - 2024-01-20 14:26:49 --> Error: Call to undefined function get_app_version()
in APPPATH\Views\public\head.php on line 25.
 1 SYSTEMPATH\View\View.php(228): include()
 2 SYSTEMPATH\View\View.php(231): CodeIgniter\View\View->CodeIgniter\View\{closure}()
 3 SYSTEMPATH\Common.php(1178): CodeIgniter\View\View->render('public/head', [], true)
 4 APPPATH\Controllers\Page.php(21): view('public/head', [...])
 5 SYSTEMPATH\CodeIgniter.php(941): App\Controllers\Page->ListOfSponsors()
 6 SYSTEMPATH\CodeIgniter.php(502): CodeIgniter\CodeIgniter->runController(Object(App\Controllers\Page))
 7 SYSTEMPATH\CodeIgniter.php(361): CodeIgniter\CodeIgniter->handleRequest(null, Object(Config\Cache), false)
 8 FCPATH\index.php(79): CodeIgniter\CodeIgniter->run()
 9 SYSTEMPATH\Commands\Server\rewrite.php(47): require_once('D:\\web\\wwwroot\\dfggmc\\codeigniter4 - development\\public\\index.php')
CRITICAL - 2024-01-20 14:27:49 --> Error: Call to undefined function get_app_version()
in APPPATH\Views\public\head.php on line 22.
 1 SYSTEMPATH\View\View.php(228): include()
 2 SYSTEMPATH\View\View.php(231): CodeIgniter\View\View->CodeIgniter\View\{closure}()
 3 SYSTEMPATH\Common.php(1178): CodeIgniter\View\View->render('public/head', [], true)
 4 APPPATH\Controllers\Page.php(21): view('public/head', [...])
 5 SYSTEMPATH\CodeIgniter.php(941): App\Controllers\Page->ListOfSponsors()
 6 SYSTEMPATH\CodeIgniter.php(502): CodeIgniter\CodeIgniter->runController(Object(App\Controllers\Page))
 7 SYSTEMPATH\CodeIgniter.php(361): CodeIgniter\CodeIgniter->handleRequest(null, Object(Config\Cache), false)
 8 FCPATH\index.php(79): CodeIgniter\CodeIgniter->run()
 9 SYSTEMPATH\Commands\Server\rewrite.php(47): require_once('D:\\web\\wwwroot\\dfggmc\\codeigniter4 - development\\public\\index.php')
CRITICAL - 2024-01-20 14:32:17 --> Error: Call to undefined function App\Controllers\get_app_version()
in APPPATH\Controllers\Page.php on line 21.
 1 SYSTEMPATH\CodeIgniter.php(941): App\Controllers\Page->ListOfSponsors()
 2 SYSTEMPATH\CodeIgniter.php(502): CodeIgniter\CodeIgniter->runController(Object(App\Controllers\Page))
 3 SYSTEMPATH\CodeIgniter.php(361): CodeIgniter\CodeIgniter->handleRequest(null, Object(Config\Cache), false)
 4 FCPATH\index.php(79): CodeIgniter\CodeIgniter->run()
 5 SYSTEMPATH\Commands\Server\rewrite.php(47): require_once('D:\\web\\wwwroot\\dfggmc\\codeigniter4 - development\\public\\index.php')
CRITICAL - 2024-01-20 14:33:09 --> Error: Call to undefined function App\Controllers\get_app_version()
in APPPATH\Controllers\Page.php on line 21.
 1 SYSTEMPATH\CodeIgniter.php(941): App\Controllers\Page->ListOfSponsors()
 2 SYSTEMPATH\CodeIgniter.php(502): CodeIgniter\CodeIgniter->runController(Object(App\Controllers\Page))
 3 SYSTEMPATH\CodeIgniter.php(361): CodeIgniter\CodeIgniter->handleRequest(null, Object(Config\Cache), false)
 4 FCPATH\index.php(79): CodeIgniter\CodeIgniter->run()
 5 SYSTEMPATH\Commands\Server\rewrite.php(47): require_once('D:\\web\\wwwroot\\dfggmc\\codeigniter4 - development\\public\\index.php')
CRITICAL - 2024-01-20 14:33:11 --> Error: Call to undefined function App\Controllers\get_app_version()
in APPPATH\Controllers\Home.php on line 12.
 1 SYSTEMPATH\CodeIgniter.php(941): App\Controllers\Home->index()
 2 SYSTEMPATH\CodeIgniter.php(502): CodeIgniter\CodeIgniter->runController(Object(App\Controllers\Home))
 3 SYSTEMPATH\CodeIgniter.php(361): CodeIgniter\CodeIgniter->handleRequest(null, Object(Config\Cache), false)
 4 FCPATH\index.php(79): CodeIgniter\CodeIgniter->run()
 5 SYSTEMPATH\Commands\Server\rewrite.php(47): require_once('D:\\web\\wwwroot\\dfggmc\\codeigniter4 - development\\public\\index.php')
CRITICAL - 2024-01-20 14:36:59 --> ErrorException: Undefined variable $app_version
in APPPATH\Views\public\head.php on line 22.
 1 APPPATH\Views\public\head.php(22): CodeIgniter\Debug\Exceptions->errorHandler(2, 'Undefined variable $app_version', 'D:\\web\\wwwroot\\dfggmc\\codeigniter4 - development\\app\\Views\\public\\head.php', 22)
 2 SYSTEMPATH\View\View.php(228): include('D:\\web\\wwwroot\\dfggmc\\codeigniter4 - development\\app\\Views\\public\\head.php')
 3 SYSTEMPATH\View\View.php(231): CodeIgniter\View\View->CodeIgniter\View\{closure}()
 4 SYSTEMPATH\Common.php(1178): CodeIgniter\View\View->render('public/head', [], true)
 5 APPPATH\Controllers\Home.php(12): view('public/head', [...])
 6 SYSTEMPATH\CodeIgniter.php(941): App\Controllers\Home->index()
 7 SYSTEMPATH\CodeIgniter.php(502): CodeIgniter\CodeIgniter->runController(Object(App\Controllers\Home))
 8 SYSTEMPATH\CodeIgniter.php(361): CodeIgniter\CodeIgniter->handleRequest(null, Object(Config\Cache), false)
 9 FCPATH\index.php(79): CodeIgniter\CodeIgniter->run()
10 SYSTEMPATH\Commands\Server\rewrite.php(47): require_once('D:\\web\\wwwroot\\dfggmc\\codeigniter4 - development\\public\\index.php')
CRITICAL - 2024-01-20 14:37:11 --> ParseError: syntax error, unexpected token ";"
in APPPATH\Views\public\head.php on line 22.
 1 SYSTEMPATH\View\View.php(231): CodeIgniter\View\View->CodeIgniter\View\{closure}()
 2 SYSTEMPATH\Common.php(1178): CodeIgniter\View\View->render('public/head', [], true)
 3 APPPATH\Controllers\Home.php(12): view('public/head', [...])
 4 SYSTEMPATH\CodeIgniter.php(941): App\Controllers\Home->index()
 5 SYSTEMPATH\CodeIgniter.php(502): CodeIgniter\CodeIgniter->runController(Object(App\Controllers\Home))
 6 SYSTEMPATH\CodeIgniter.php(361): CodeIgniter\CodeIgniter->handleRequest(null, Object(Config\Cache), false)
 7 FCPATH\index.php(79): CodeIgniter\CodeIgniter->run()
 8 SYSTEMPATH\Commands\Server\rewrite.php(47): require_once('D:\\web\\wwwroot\\dfggmc\\codeigniter4 - development\\public\\index.php')
CRITICAL - 2024-01-20 14:41:49 --> Error: Call to undefined function get_app_version()
in APPPATH\Views\public\head.php on line 22.
 1 SYSTEMPATH\View\View.php(228): include()
 2 SYSTEMPATH\View\View.php(231): CodeIgniter\View\View->CodeIgniter\View\{closure}()
 3 SYSTEMPATH\Common.php(1178): CodeIgniter\View\View->render('public/head', [], true)
 4 APPPATH\Controllers\Home.php(12): view('public/head', [...])
 5 SYSTEMPATH\CodeIgniter.php(941): App\Controllers\Home->index()
 6 SYSTEMPATH\CodeIgniter.php(502): CodeIgniter\CodeIgniter->runController(Object(App\Controllers\Home))
 7 SYSTEMPATH\CodeIgniter.php(361): CodeIgniter\CodeIgniter->handleRequest(null, Object(Config\Cache), false)
 8 FCPATH\index.php(79): CodeIgniter\CodeIgniter->run()
 9 SYSTEMPATH\Commands\Server\rewrite.php(47): require_once('D:\\web\\wwwroot\\dfggmc\\codeigniter4 - development\\public\\index.php')
CRITICAL - 2024-01-20 14:43:04 --> Error: Call to undefined function get_app_version()
in APPPATH\Views\public\head.php on line 22.
 1 SYSTEMPATH\View\View.php(228): include()
 2 SYSTEMPATH\View\View.php(231): CodeIgniter\View\View->CodeIgniter\View\{closure}()
 3 SYSTEMPATH\Common.php(1178): CodeIgniter\View\View->render('public/head', [], true)
 4 APPPATH\Controllers\Home.php(12): view('public/head', [...])
 5 SYSTEMPATH\CodeIgniter.php(941): App\Controllers\Home->index()
 6 SYSTEMPATH\CodeIgniter.php(502): CodeIgniter\CodeIgniter->runController(Object(App\Controllers\Home))
 7 SYSTEMPATH\CodeIgniter.php(361): CodeIgniter\CodeIgniter->handleRequest(null, Object(Config\Cache), false)
 8 FCPATH\index.php(79): CodeIgniter\CodeIgniter->run()
 9 SYSTEMPATH\Commands\Server\rewrite.php(47): require_once('D:\\web\\wwwroot\\dfggmc\\codeigniter4 - development\\public\\index.php')
