CRITICAL - 2024-01-15 12:58:11 --> CodeIgniter\View\Exceptions\ViewException: Invalid file: "welcome_message.php"
in SYSTEMPATH\Exceptions\FrameworkException.php on line 39.
 1 SYSTEMPATH\View\View.php(216): CodeIgniter\Exceptions\FrameworkException::forInvalidFile('welcome_message.php')
 2 SYSTEMPATH\Common.php(1178): CodeIgniter\View\View->render('welcome_message', [], true)
 3 APPPATH\Controllers\Home.php(9): view('welcome_message')
 4 SYSTEMPATH\CodeIgniter.php(941): App\Controllers\Home->index()
 5 SYSTEMPATH\CodeIgniter.php(502): CodeIgniter\CodeIgniter->runController(Object(App\Controllers\Home))
 6 SYSTEMPATH\CodeIgniter.php(361): CodeIgniter\CodeIgniter->handleRequest(null, Object(Config\Cache), false)
 7 FCPATH\index.php(79): CodeIgniter\CodeIgniter->run()
 8 SYSTEMPATH\Commands\Server\rewrite.php(47): require_once('D:\\web\\wwwroot\\dfggmc\\codeigniter4\\public\\index.php')
CRITICAL - 2024-01-15 13:01:34 --> ParseError: syntax error, unexpected token "return", expecting ";"
in APPPATH\Controllers\Home.php on line 10.
 1 SYSTEMPATH\Autoloader\Autoloader.php(288): CodeIgniter\Autoloader\Autoloader->includeFile('D:\\web\\wwwroot\\dfggmc\\codeigniter4\\app\\Controllers\\Home.php')
 2 SYSTEMPATH\Autoloader\Autoloader.php(266): CodeIgniter\Autoloader\Autoloader->loadInNamespace('App\\Controllers\\Home')
 3 [internal function]: CodeIgniter\Autoloader\Autoloader->loadClass('App\\Controllers\\Home')
 4 SYSTEMPATH\CodeIgniter.php(899): class_exists('\\App\\Controllers\\Home', true)
 5 SYSTEMPATH\CodeIgniter.php(489): CodeIgniter\CodeIgniter->startController()
 6 SYSTEMPATH\CodeIgniter.php(361): CodeIgniter\CodeIgniter->handleRequest(null, Object(Config\Cache), false)
 7 FCPATH\index.php(79): CodeIgniter\CodeIgniter->run()
 8 SYSTEMPATH\Commands\Server\rewrite.php(47): require_once('D:\\web\\wwwroot\\dfggmc\\codeigniter4\\public\\index.php')
CRITICAL - 2024-01-15 13:07:00 --> TypeError: App\Controllers\Home::index(): Return value must be of type string, none returned
in APPPATH\Controllers\Home.php on line 10.
 1 SYSTEMPATH\CodeIgniter.php(941): App\Controllers\Home->index()
 2 SYSTEMPATH\CodeIgniter.php(502): CodeIgniter\CodeIgniter->runController(Object(App\Controllers\Home))
 3 SYSTEMPATH\CodeIgniter.php(361): CodeIgniter\CodeIgniter->handleRequest(null, Object(Config\Cache), false)
 4 FCPATH\index.php(79): CodeIgniter\CodeIgniter->run()
 5 SYSTEMPATH\Commands\Server\rewrite.php(47): require_once('D:\\web\\wwwroot\\dfggmc\\codeigniter4\\public\\index.php')
CRITICAL - 2024-01-15 13:08:34 --> CodeIgniter\View\Exceptions\ViewException: Invalid file: "footer.php"
in SYSTEMPATH\Exceptions\FrameworkException.php on line 39.
 1 SYSTEMPATH\View\View.php(216): CodeIgniter\Exceptions\FrameworkException::forInvalidFile('footer.php')
 2 SYSTEMPATH\Common.php(1178): CodeIgniter\View\View->render('footer', [], true)
 3 APPPATH\Controllers\Home.php(11): view('footer')
 4 SYSTEMPATH\CodeIgniter.php(941): App\Controllers\Home->index()
 5 SYSTEMPATH\CodeIgniter.php(502): CodeIgniter\CodeIgniter->runController(Object(App\Controllers\Home))
 6 SYSTEMPATH\CodeIgniter.php(361): CodeIgniter\CodeIgniter->handleRequest(null, Object(Config\Cache), false)
 7 FCPATH\index.php(79): CodeIgniter\CodeIgniter->run()
 8 SYSTEMPATH\Commands\Server\rewrite.php(47): require_once('D:\\web\\wwwroot\\dfggmc\\codeigniter4\\public\\index.php')
CRITICAL - 2024-01-15 13:47:23 --> ErrorException: Undefined variable $title
in APPPATH\Views\public\head.php on line 5.
 1 APPPATH\Views\public\head.php(5): CodeIgniter\Debug\Exceptions->errorHandler(2, 'Undefined variable $title', 'D:\\web\\wwwroot\\dfggmc\\codeigniter4\\app\\Views\\public\\head.php', 5)
 2 SYSTEMPATH\View\View.php(228): include('D:\\web\\wwwroot\\dfggmc\\codeigniter4\\app\\Views\\public\\head.php')
 3 SYSTEMPATH\View\View.php(231): CodeIgniter\View\View->CodeIgniter\View\{closure}()
 4 SYSTEMPATH\Common.php(1178): CodeIgniter\View\View->render('public/head', [], true)
 5 APPPATH\Controllers\Home.php(9): view('public/head')
 6 SYSTEMPATH\CodeIgniter.php(941): App\Controllers\Home->index()
 7 SYSTEMPATH\CodeIgniter.php(502): CodeIgniter\CodeIgniter->runController(Object(App\Controllers\Home))
 8 SYSTEMPATH\CodeIgniter.php(361): CodeIgniter\CodeIgniter->handleRequest(null, Object(Config\Cache), false)
 9 FCPATH\index.php(79): CodeIgniter\CodeIgniter->run()
10 SYSTEMPATH\Commands\Server\rewrite.php(47): require_once('D:\\web\\wwwroot\\dfggmc\\codeigniter4\\public\\index.php')
CRITICAL - 2024-01-15 13:47:53 --> ErrorException: Undefined variable $title
in APPPATH\Views\public\head.php on line 5.
 1 APPPATH\Views\public\head.php(5): CodeIgniter\Debug\Exceptions->errorHandler(2, 'Undefined variable $title', 'D:\\web\\wwwroot\\dfggmc\\codeigniter4\\app\\Views\\public\\head.php', 5)
 2 SYSTEMPATH\View\View.php(228): include('D:\\web\\wwwroot\\dfggmc\\codeigniter4\\app\\Views\\public\\head.php')
 3 SYSTEMPATH\View\View.php(231): CodeIgniter\View\View->CodeIgniter\View\{closure}()
 4 SYSTEMPATH\Common.php(1178): CodeIgniter\View\View->render('public/head', [], true)
 5 APPPATH\Controllers\Home.php(9): view('public/head')
 6 SYSTEMPATH\CodeIgniter.php(941): App\Controllers\Home->index()
 7 SYSTEMPATH\CodeIgniter.php(502): CodeIgniter\CodeIgniter->runController(Object(App\Controllers\Home))
 8 SYSTEMPATH\CodeIgniter.php(361): CodeIgniter\CodeIgniter->handleRequest(null, Object(Config\Cache), false)
 9 FCPATH\index.php(79): CodeIgniter\CodeIgniter->run()
10 SYSTEMPATH\Commands\Server\rewrite.php(47): require_once('D:\\web\\wwwroot\\dfggmc\\codeigniter4\\public\\index.php')
CRITICAL - 2024-01-15 13:48:25 --> ErrorException: Undefined variable $title
in APPPATH\Views\public\head.php on line 5.
 1 APPPATH\Views\public\head.php(5): CodeIgniter\Debug\Exceptions->errorHandler(2, 'Undefined variable $title', 'D:\\web\\wwwroot\\dfggmc\\codeigniter4\\app\\Views\\public\\head.php', 5)
 2 SYSTEMPATH\View\View.php(228): include('D:\\web\\wwwroot\\dfggmc\\codeigniter4\\app\\Views\\public\\head.php')
 3 SYSTEMPATH\View\View.php(231): CodeIgniter\View\View->CodeIgniter\View\{closure}()
 4 SYSTEMPATH\Common.php(1178): CodeIgniter\View\View->render('public/head', [], true)
 5 APPPATH\Controllers\Home.php(9): view('public/head')
 6 SYSTEMPATH\CodeIgniter.php(941): App\Controllers\Home->index()
 7 SYSTEMPATH\CodeIgniter.php(502): CodeIgniter\CodeIgniter->runController(Object(App\Controllers\Home))
 8 SYSTEMPATH\CodeIgniter.php(361): CodeIgniter\CodeIgniter->handleRequest(null, Object(Config\Cache), false)
 9 FCPATH\index.php(79): CodeIgniter\CodeIgniter->run()
10 SYSTEMPATH\Commands\Server\rewrite.php(47): require_once('D:\\web\\wwwroot\\dfggmc\\codeigniter4\\public\\index.php')
CRITICAL - 2024-01-15 13:48:49 --> ErrorException: Undefined variable $title
in APPPATH\Views\public\head.php on line 5.
 1 APPPATH\Views\public\head.php(5): CodeIgniter\Debug\Exceptions->errorHandler(2, 'Undefined variable $title', 'D:\\web\\wwwroot\\dfggmc\\codeigniter4\\app\\Views\\public\\head.php', 5)
 2 SYSTEMPATH\View\View.php(228): include('D:\\web\\wwwroot\\dfggmc\\codeigniter4\\app\\Views\\public\\head.php')
 3 SYSTEMPATH\View\View.php(231): CodeIgniter\View\View->CodeIgniter\View\{closure}()
 4 SYSTEMPATH\Common.php(1178): CodeIgniter\View\View->render('public/head', [], true)
 5 APPPATH\Controllers\Home.php(9): view('public/head')
 6 SYSTEMPATH\CodeIgniter.php(941): App\Controllers\Home->index()
 7 SYSTEMPATH\CodeIgniter.php(502): CodeIgniter\CodeIgniter->runController(Object(App\Controllers\Home))
 8 SYSTEMPATH\CodeIgniter.php(361): CodeIgniter\CodeIgniter->handleRequest(null, Object(Config\Cache), false)
 9 FCPATH\index.php(79): CodeIgniter\CodeIgniter->run()
10 SYSTEMPATH\Commands\Server\rewrite.php(47): require_once('D:\\web\\wwwroot\\dfggmc\\codeigniter4\\public\\index.php')
CRITICAL - 2024-01-15 13:48:50 --> ErrorException: Undefined variable $title
in APPPATH\Views\public\head.php on line 5.
 1 APPPATH\Views\public\head.php(5): CodeIgniter\Debug\Exceptions->errorHandler(2, 'Undefined variable $title', 'D:\\web\\wwwroot\\dfggmc\\codeigniter4\\app\\Views\\public\\head.php', 5)
 2 SYSTEMPATH\View\View.php(228): include('D:\\web\\wwwroot\\dfggmc\\codeigniter4\\app\\Views\\public\\head.php')
 3 SYSTEMPATH\View\View.php(231): CodeIgniter\View\View->CodeIgniter\View\{closure}()
 4 SYSTEMPATH\Common.php(1178): CodeIgniter\View\View->render('public/head', [], true)
 5 APPPATH\Controllers\Home.php(9): view('public/head')
 6 SYSTEMPATH\CodeIgniter.php(941): App\Controllers\Home->index()
 7 SYSTEMPATH\CodeIgniter.php(502): CodeIgniter\CodeIgniter->runController(Object(App\Controllers\Home))
 8 SYSTEMPATH\CodeIgniter.php(361): CodeIgniter\CodeIgniter->handleRequest(null, Object(Config\Cache), false)
 9 FCPATH\index.php(79): CodeIgniter\CodeIgniter->run()
10 SYSTEMPATH\Commands\Server\rewrite.php(47): require_once('D:\\web\\wwwroot\\dfggmc\\codeigniter4\\public\\index.php')
CRITICAL - 2024-01-15 13:48:50 --> ErrorException: Undefined variable $title
in APPPATH\Views\public\head.php on line 5.
 1 APPPATH\Views\public\head.php(5): CodeIgniter\Debug\Exceptions->errorHandler(2, 'Undefined variable $title', 'D:\\web\\wwwroot\\dfggmc\\codeigniter4\\app\\Views\\public\\head.php', 5)
 2 SYSTEMPATH\View\View.php(228): include('D:\\web\\wwwroot\\dfggmc\\codeigniter4\\app\\Views\\public\\head.php')
 3 SYSTEMPATH\View\View.php(231): CodeIgniter\View\View->CodeIgniter\View\{closure}()
 4 SYSTEMPATH\Common.php(1178): CodeIgniter\View\View->render('public/head', [], true)
 5 APPPATH\Controllers\Home.php(9): view('public/head')
 6 SYSTEMPATH\CodeIgniter.php(941): App\Controllers\Home->index()
 7 SYSTEMPATH\CodeIgniter.php(502): CodeIgniter\CodeIgniter->runController(Object(App\Controllers\Home))
 8 SYSTEMPATH\CodeIgniter.php(361): CodeIgniter\CodeIgniter->handleRequest(null, Object(Config\Cache), false)
 9 FCPATH\index.php(79): CodeIgniter\CodeIgniter->run()
10 SYSTEMPATH\Commands\Server\rewrite.php(47): require_once('D:\\web\\wwwroot\\dfggmc\\codeigniter4\\public\\index.php')
CRITICAL - 2024-01-15 13:48:51 --> ErrorException: Undefined variable $title
in APPPATH\Views\public\head.php on line 5.
 1 APPPATH\Views\public\head.php(5): CodeIgniter\Debug\Exceptions->errorHandler(2, 'Undefined variable $title', 'D:\\web\\wwwroot\\dfggmc\\codeigniter4\\app\\Views\\public\\head.php', 5)
 2 SYSTEMPATH\View\View.php(228): include('D:\\web\\wwwroot\\dfggmc\\codeigniter4\\app\\Views\\public\\head.php')
 3 SYSTEMPATH\View\View.php(231): CodeIgniter\View\View->CodeIgniter\View\{closure}()
 4 SYSTEMPATH\Common.php(1178): CodeIgniter\View\View->render('public/head', [], true)
 5 APPPATH\Controllers\Home.php(9): view('public/head')
 6 SYSTEMPATH\CodeIgniter.php(941): App\Controllers\Home->index()
 7 SYSTEMPATH\CodeIgniter.php(502): CodeIgniter\CodeIgniter->runController(Object(App\Controllers\Home))
 8 SYSTEMPATH\CodeIgniter.php(361): CodeIgniter\CodeIgniter->handleRequest(null, Object(Config\Cache), false)
 9 FCPATH\index.php(79): CodeIgniter\CodeIgniter->run()
10 SYSTEMPATH\Commands\Server\rewrite.php(47): require_once('D:\\web\\wwwroot\\dfggmc\\codeigniter4\\public\\index.php')
CRITICAL - 2024-01-15 13:48:51 --> ErrorException: Undefined variable $title
in APPPATH\Views\public\head.php on line 5.
 1 APPPATH\Views\public\head.php(5): CodeIgniter\Debug\Exceptions->errorHandler(2, 'Undefined variable $title', 'D:\\web\\wwwroot\\dfggmc\\codeigniter4\\app\\Views\\public\\head.php', 5)
 2 SYSTEMPATH\View\View.php(228): include('D:\\web\\wwwroot\\dfggmc\\codeigniter4\\app\\Views\\public\\head.php')
 3 SYSTEMPATH\View\View.php(231): CodeIgniter\View\View->CodeIgniter\View\{closure}()
 4 SYSTEMPATH\Common.php(1178): CodeIgniter\View\View->render('public/head', [], true)
 5 APPPATH\Controllers\Home.php(9): view('public/head')
 6 SYSTEMPATH\CodeIgniter.php(941): App\Controllers\Home->index()
 7 SYSTEMPATH\CodeIgniter.php(502): CodeIgniter\CodeIgniter->runController(Object(App\Controllers\Home))
 8 SYSTEMPATH\CodeIgniter.php(361): CodeIgniter\CodeIgniter->handleRequest(null, Object(Config\Cache), false)
 9 FCPATH\index.php(79): CodeIgniter\CodeIgniter->run()
10 SYSTEMPATH\Commands\Server\rewrite.php(47): require_once('D:\\web\\wwwroot\\dfggmc\\codeigniter4\\public\\index.php')
CRITICAL - 2024-01-15 13:48:51 --> ErrorException: Undefined variable $title
in APPPATH\Views\public\head.php on line 5.
 1 APPPATH\Views\public\head.php(5): CodeIgniter\Debug\Exceptions->errorHandler(2, 'Undefined variable $title', 'D:\\web\\wwwroot\\dfggmc\\codeigniter4\\app\\Views\\public\\head.php', 5)
 2 SYSTEMPATH\View\View.php(228): include('D:\\web\\wwwroot\\dfggmc\\codeigniter4\\app\\Views\\public\\head.php')
 3 SYSTEMPATH\View\View.php(231): CodeIgniter\View\View->CodeIgniter\View\{closure}()
 4 SYSTEMPATH\Common.php(1178): CodeIgniter\View\View->render('public/head', [], true)
 5 APPPATH\Controllers\Home.php(9): view('public/head')
 6 SYSTEMPATH\CodeIgniter.php(941): App\Controllers\Home->index()
 7 SYSTEMPATH\CodeIgniter.php(502): CodeIgniter\CodeIgniter->runController(Object(App\Controllers\Home))
 8 SYSTEMPATH\CodeIgniter.php(361): CodeIgniter\CodeIgniter->handleRequest(null, Object(Config\Cache), false)
 9 FCPATH\index.php(79): CodeIgniter\CodeIgniter->run()
10 SYSTEMPATH\Commands\Server\rewrite.php(47): require_once('D:\\web\\wwwroot\\dfggmc\\codeigniter4\\public\\index.php')
CRITICAL - 2024-01-15 13:50:07 --> ErrorException: Undefined variable $data
in APPPATH\Views\public\head.php on line 5.
 1 APPPATH\Views\public\head.php(5): CodeIgniter\Debug\Exceptions->errorHandler(2, 'Undefined variable $data', 'D:\\web\\wwwroot\\dfggmc\\codeigniter4\\app\\Views\\public\\head.php', 5)
 2 SYSTEMPATH\View\View.php(228): include('D:\\web\\wwwroot\\dfggmc\\codeigniter4\\app\\Views\\public\\head.php')
 3 SYSTEMPATH\View\View.php(231): CodeIgniter\View\View->CodeIgniter\View\{closure}()
 4 SYSTEMPATH\Common.php(1178): CodeIgniter\View\View->render('public/head', [], true)
 5 APPPATH\Controllers\Home.php(9): view('public/head')
 6 SYSTEMPATH\CodeIgniter.php(941): App\Controllers\Home->index()
 7 SYSTEMPATH\CodeIgniter.php(502): CodeIgniter\CodeIgniter->runController(Object(App\Controllers\Home))
 8 SYSTEMPATH\CodeIgniter.php(361): CodeIgniter\CodeIgniter->handleRequest(null, Object(Config\Cache), false)
 9 FCPATH\index.php(79): CodeIgniter\CodeIgniter->run()
10 SYSTEMPATH\Commands\Server\rewrite.php(47): require_once('D:\\web\\wwwroot\\dfggmc\\codeigniter4\\public\\index.php')
CRITICAL - 2024-01-15 13:50:10 --> ErrorException: Undefined variable $data
in APPPATH\Views\public\head.php on line 5.
 1 APPPATH\Views\public\head.php(5): CodeIgniter\Debug\Exceptions->errorHandler(2, 'Undefined variable $data', 'D:\\web\\wwwroot\\dfggmc\\codeigniter4\\app\\Views\\public\\head.php', 5)
 2 SYSTEMPATH\View\View.php(228): include('D:\\web\\wwwroot\\dfggmc\\codeigniter4\\app\\Views\\public\\head.php')
 3 SYSTEMPATH\View\View.php(231): CodeIgniter\View\View->CodeIgniter\View\{closure}()
 4 SYSTEMPATH\Common.php(1178): CodeIgniter\View\View->render('public/head', [], true)
 5 APPPATH\Controllers\Page.php(10): view('public/head', [...])
 6 SYSTEMPATH\CodeIgniter.php(941): App\Controllers\Page->history()
 7 SYSTEMPATH\CodeIgniter.php(502): CodeIgniter\CodeIgniter->runController(Object(App\Controllers\Page))
 8 SYSTEMPATH\CodeIgniter.php(361): CodeIgniter\CodeIgniter->handleRequest(null, Object(Config\Cache), false)
 9 FCPATH\index.php(79): CodeIgniter\CodeIgniter->run()
10 SYSTEMPATH\Commands\Server\rewrite.php(47): require_once('D:\\web\\wwwroot\\dfggmc\\codeigniter4\\public\\index.php')
CRITICAL - 2024-01-15 13:56:31 --> ErrorException: Undefined variable $title
in APPPATH\Views\public\head.php on line 5.
 1 APPPATH\Views\public\head.php(5): CodeIgniter\Debug\Exceptions->errorHandler(2, 'Undefined variable $title', 'D:\\web\\wwwroot\\dfggmc\\codeigniter4\\app\\Views\\public\\head.php', 5)
 2 SYSTEMPATH\View\View.php(228): include('D:\\web\\wwwroot\\dfggmc\\codeigniter4\\app\\Views\\public\\head.php')
 3 SYSTEMPATH\View\View.php(231): CodeIgniter\View\View->CodeIgniter\View\{closure}()
 4 SYSTEMPATH\Common.php(1178): CodeIgniter\View\View->render('public/head', [], true)
 5 APPPATH\Controllers\Home.php(9): view('public/head')
 6 SYSTEMPATH\CodeIgniter.php(941): App\Controllers\Home->index()
 7 SYSTEMPATH\CodeIgniter.php(502): CodeIgniter\CodeIgniter->runController(Object(App\Controllers\Home))
 8 SYSTEMPATH\CodeIgniter.php(361): CodeIgniter\CodeIgniter->handleRequest(null, Object(Config\Cache), false)
 9 FCPATH\index.php(79): CodeIgniter\CodeIgniter->run()
10 SYSTEMPATH\Commands\Server\rewrite.php(47): require_once('D:\\web\\wwwroot\\dfggmc\\codeigniter4\\public\\index.php')
CRITICAL - 2024-01-15 13:56:31 --> ErrorException: Undefined variable $title
in APPPATH\Views\public\head.php on line 5.
 1 APPPATH\Views\public\head.php(5): CodeIgniter\Debug\Exceptions->errorHandler(2, 'Undefined variable $title', 'D:\\web\\wwwroot\\dfggmc\\codeigniter4\\app\\Views\\public\\head.php', 5)
 2 SYSTEMPATH\View\View.php(228): include('D:\\web\\wwwroot\\dfggmc\\codeigniter4\\app\\Views\\public\\head.php')
 3 SYSTEMPATH\View\View.php(231): CodeIgniter\View\View->CodeIgniter\View\{closure}()
 4 SYSTEMPATH\Common.php(1178): CodeIgniter\View\View->render('public/head', [], true)
 5 APPPATH\Controllers\Home.php(9): view('public/head')
 6 SYSTEMPATH\CodeIgniter.php(941): App\Controllers\Home->index()
 7 SYSTEMPATH\CodeIgniter.php(502): CodeIgniter\CodeIgniter->runController(Object(App\Controllers\Home))
 8 SYSTEMPATH\CodeIgniter.php(361): CodeIgniter\CodeIgniter->handleRequest(null, Object(Config\Cache), false)
 9 FCPATH\index.php(79): CodeIgniter\CodeIgniter->run()
10 SYSTEMPATH\Commands\Server\rewrite.php(47): require_once('D:\\web\\wwwroot\\dfggmc\\codeigniter4\\public\\index.php')
CRITICAL - 2024-01-15 13:56:54 --> ErrorException: Undefined variable $title
in APPPATH\Views\public\head.php on line 5.
 1 APPPATH\Views\public\head.php(5): CodeIgniter\Debug\Exceptions->errorHandler(2, 'Undefined variable $title', 'D:\\web\\wwwroot\\dfggmc\\codeigniter4\\app\\Views\\public\\head.php', 5)
 2 SYSTEMPATH\View\View.php(228): include('D:\\web\\wwwroot\\dfggmc\\codeigniter4\\app\\Views\\public\\head.php')
 3 SYSTEMPATH\View\View.php(231): CodeIgniter\View\View->CodeIgniter\View\{closure}()
 4 SYSTEMPATH\Common.php(1178): CodeIgniter\View\View->render('public/head', [], true)
 5 APPPATH\Controllers\Home.php(12): view('public/head')
 6 SYSTEMPATH\CodeIgniter.php(941): App\Controllers\Home->index()
 7 SYSTEMPATH\CodeIgniter.php(502): CodeIgniter\CodeIgniter->runController(Object(App\Controllers\Home))
 8 SYSTEMPATH\CodeIgniter.php(361): CodeIgniter\CodeIgniter->handleRequest(null, Object(Config\Cache), false)
 9 FCPATH\index.php(79): CodeIgniter\CodeIgniter->run()
10 SYSTEMPATH\Commands\Server\rewrite.php(47): require_once('D:\\web\\wwwroot\\dfggmc\\codeigniter4\\public\\index.php')
CRITICAL - 2024-01-15 13:56:54 --> ErrorException: Undefined variable $title
in APPPATH\Views\public\head.php on line 5.
 1 APPPATH\Views\public\head.php(5): CodeIgniter\Debug\Exceptions->errorHandler(2, 'Undefined variable $title', 'D:\\web\\wwwroot\\dfggmc\\codeigniter4\\app\\Views\\public\\head.php', 5)
 2 SYSTEMPATH\View\View.php(228): include('D:\\web\\wwwroot\\dfggmc\\codeigniter4\\app\\Views\\public\\head.php')
 3 SYSTEMPATH\View\View.php(231): CodeIgniter\View\View->CodeIgniter\View\{closure}()
 4 SYSTEMPATH\Common.php(1178): CodeIgniter\View\View->render('public/head', [], true)
 5 APPPATH\Controllers\Home.php(12): view('public/head')
 6 SYSTEMPATH\CodeIgniter.php(941): App\Controllers\Home->index()
 7 SYSTEMPATH\CodeIgniter.php(502): CodeIgniter\CodeIgniter->runController(Object(App\Controllers\Home))
 8 SYSTEMPATH\CodeIgniter.php(361): CodeIgniter\CodeIgniter->handleRequest(null, Object(Config\Cache), false)
 9 FCPATH\index.php(79): CodeIgniter\CodeIgniter->run()
10 SYSTEMPATH\Commands\Server\rewrite.php(47): require_once('D:\\web\\wwwroot\\dfggmc\\codeigniter4\\public\\index.php')
CRITICAL - 2024-01-15 13:56:55 --> ErrorException: Undefined variable $title
in APPPATH\Views\public\head.php on line 5.
 1 APPPATH\Views\public\head.php(5): CodeIgniter\Debug\Exceptions->errorHandler(2, 'Undefined variable $title', 'D:\\web\\wwwroot\\dfggmc\\codeigniter4\\app\\Views\\public\\head.php', 5)
 2 SYSTEMPATH\View\View.php(228): include('D:\\web\\wwwroot\\dfggmc\\codeigniter4\\app\\Views\\public\\head.php')
 3 SYSTEMPATH\View\View.php(231): CodeIgniter\View\View->CodeIgniter\View\{closure}()
 4 SYSTEMPATH\Common.php(1178): CodeIgniter\View\View->render('public/head', [], true)
 5 APPPATH\Controllers\Home.php(12): view('public/head')
 6 SYSTEMPATH\CodeIgniter.php(941): App\Controllers\Home->index()
 7 SYSTEMPATH\CodeIgniter.php(502): CodeIgniter\CodeIgniter->runController(Object(App\Controllers\Home))
 8 SYSTEMPATH\CodeIgniter.php(361): CodeIgniter\CodeIgniter->handleRequest(null, Object(Config\Cache), false)
 9 FCPATH\index.php(79): CodeIgniter\CodeIgniter->run()
10 SYSTEMPATH\Commands\Server\rewrite.php(47): require_once('D:\\web\\wwwroot\\dfggmc\\codeigniter4\\public\\index.php')
CRITICAL - 2024-01-15 13:56:55 --> ErrorException: Undefined variable $title
in APPPATH\Views\public\head.php on line 5.
 1 APPPATH\Views\public\head.php(5): CodeIgniter\Debug\Exceptions->errorHandler(2, 'Undefined variable $title', 'D:\\web\\wwwroot\\dfggmc\\codeigniter4\\app\\Views\\public\\head.php', 5)
 2 SYSTEMPATH\View\View.php(228): include('D:\\web\\wwwroot\\dfggmc\\codeigniter4\\app\\Views\\public\\head.php')
 3 SYSTEMPATH\View\View.php(231): CodeIgniter\View\View->CodeIgniter\View\{closure}()
 4 SYSTEMPATH\Common.php(1178): CodeIgniter\View\View->render('public/head', [], true)
 5 APPPATH\Controllers\Home.php(12): view('public/head')
 6 SYSTEMPATH\CodeIgniter.php(941): App\Controllers\Home->index()
 7 SYSTEMPATH\CodeIgniter.php(502): CodeIgniter\CodeIgniter->runController(Object(App\Controllers\Home))
 8 SYSTEMPATH\CodeIgniter.php(361): CodeIgniter\CodeIgniter->handleRequest(null, Object(Config\Cache), false)
 9 FCPATH\index.php(79): CodeIgniter\CodeIgniter->run()
10 SYSTEMPATH\Commands\Server\rewrite.php(47): require_once('D:\\web\\wwwroot\\dfggmc\\codeigniter4\\public\\index.php')
CRITICAL - 2024-01-15 13:56:56 --> ErrorException: Undefined variable $title
in APPPATH\Views\public\head.php on line 5.
 1 APPPATH\Views\public\head.php(5): CodeIgniter\Debug\Exceptions->errorHandler(2, 'Undefined variable $title', 'D:\\web\\wwwroot\\dfggmc\\codeigniter4\\app\\Views\\public\\head.php', 5)
 2 SYSTEMPATH\View\View.php(228): include('D:\\web\\wwwroot\\dfggmc\\codeigniter4\\app\\Views\\public\\head.php')
 3 SYSTEMPATH\View\View.php(231): CodeIgniter\View\View->CodeIgniter\View\{closure}()
 4 SYSTEMPATH\Common.php(1178): CodeIgniter\View\View->render('public/head', [], true)
 5 APPPATH\Controllers\Home.php(12): view('public/head')
 6 SYSTEMPATH\CodeIgniter.php(941): App\Controllers\Home->index()
 7 SYSTEMPATH\CodeIgniter.php(502): CodeIgniter\CodeIgniter->runController(Object(App\Controllers\Home))
 8 SYSTEMPATH\CodeIgniter.php(361): CodeIgniter\CodeIgniter->handleRequest(null, Object(Config\Cache), false)
 9 FCPATH\index.php(79): CodeIgniter\CodeIgniter->run()
10 SYSTEMPATH\Commands\Server\rewrite.php(47): require_once('D:\\web\\wwwroot\\dfggmc\\codeigniter4\\public\\index.php')
