CRITICAL - 2024-02-02 04:44:54 --> ErrorException: require_once(/home/ftp/4/4t8iks/wwwroot/app//Views/public/music_player.php): Failed to open stream: No such file or directory
in APPPATH/Views/public/footer.php on line 2.
 1 APPPATH/Views/public/footer.php(2): CodeIgniter\Debug\Exceptions->errorHandler()
 2 APPPATH/Views/public/footer.php(2): require_once()
 3 SYSTEMPATH/View/View.php(228): include('/home/ftp/4/4t8iks/wwwroot/app/Views/public/footer.php')
 4 SYSTEMPATH/View/View.php(231): CodeIgniter\View\View->CodeIgniter\View\{closure}()
 5 SYSTEMPATH/Common.php(1178): CodeIgniter\View\View->render()
 6 APPPATH/Controllers/Home.php(14): view()
 7 SYSTEMPATH/CodeIgniter.php(941): App\Controllers\Home->index()
 8 SYSTEMPATH/CodeIgniter.php(502): CodeIgniter\CodeIgniter->runController()
 9 SYSTEMPATH/CodeIgniter.php(361): CodeIgniter\CodeIgniter->handleRequest()
10 FCPATH/index.php(79): CodeIgniter\CodeIgniter->run()
CRITICAL - 2024-02-02 04:45:29 --> ErrorException: require_once(/home/ftp/4/4t8iks/wwwroot/app//Views/public/music_player.php): Failed to open stream: No such file or directory
in APPPATH/Views/public/footer.php on line 2.
 1 APPPATH/Views/public/footer.php(2): CodeIgniter\Debug\Exceptions->errorHandler()
 2 APPPATH/Views/public/footer.php(2): require_once()
 3 SYSTEMPATH/View/View.php(228): include('/home/ftp/4/4t8iks/wwwroot/app/Views/public/footer.php')
 4 SYSTEMPATH/View/View.php(231): CodeIgniter\View\View->CodeIgniter\View\{closure}()
 5 SYSTEMPATH/Common.php(1178): CodeIgniter\View\View->render()
 6 APPPATH/Controllers/Home.php(14): view()
 7 SYSTEMPATH/CodeIgniter.php(941): App\Controllers\Home->index()
 8 SYSTEMPATH/CodeIgniter.php(502): CodeIgniter\CodeIgniter->runController()
 9 SYSTEMPATH/CodeIgniter.php(361): CodeIgniter\CodeIgniter->handleRequest()
10 FCPATH/index.php(79): CodeIgniter\CodeIgniter->run()
CRITICAL - 2024-02-02 04:45:44 --> ErrorException: require_once(/home/ftp/4/4t8iks/wwwroot/app//Views/public/music_player.php): Failed to open stream: No such file or directory
in APPPATH/Views/public/footer.php on line 2.
 1 APPPATH/Views/public/footer.php(2): CodeIgniter\Debug\Exceptions->errorHandler()
 2 APPPATH/Views/public/footer.php(2): require_once()
 3 SYSTEMPATH/View/View.php(228): include('/home/ftp/4/4t8iks/wwwroot/app/Views/public/footer.php')
 4 SYSTEMPATH/View/View.php(231): CodeIgniter\View\View->CodeIgniter\View\{closure}()
 5 SYSTEMPATH/Common.php(1178): CodeIgniter\View\View->render()
 6 APPPATH/Controllers/Home.php(14): view()
 7 SYSTEMPATH/CodeIgniter.php(941): App\Controllers\Home->index()
 8 SYSTEMPATH/CodeIgniter.php(502): CodeIgniter\CodeIgniter->runController()
 9 SYSTEMPATH/CodeIgniter.php(361): CodeIgniter\CodeIgniter->handleRequest()
10 FCPATH/index.php(79): CodeIgniter\CodeIgniter->run()
CRITICAL - 2024-02-02 04:46:23 --> ErrorException: require_once(/home/ftp/4/4t8iks/wwwroot/app//Views/public/music_player.php): Failed to open stream: No such file or directory
in APPPATH/Views/public/footer.php on line 2.
 1 APPPATH/Views/public/footer.php(2): CodeIgniter\Debug\Exceptions->errorHandler()
 2 APPPATH/Views/public/footer.php(2): require_once()
 3 SYSTEMPATH/View/View.php(228): include('/home/ftp/4/4t8iks/wwwroot/app/Views/public/footer.php')
 4 SYSTEMPATH/View/View.php(231): CodeIgniter\View\View->CodeIgniter\View\{closure}()
 5 SYSTEMPATH/Common.php(1178): CodeIgniter\View\View->render()
 6 APPPATH/Controllers/Home.php(14): view()
 7 SYSTEMPATH/CodeIgniter.php(941): App\Controllers\Home->index()
 8 SYSTEMPATH/CodeIgniter.php(502): CodeIgniter\CodeIgniter->runController()
 9 SYSTEMPATH/CodeIgniter.php(361): CodeIgniter\CodeIgniter->handleRequest()
10 FCPATH/index.php(79): CodeIgniter\CodeIgniter->run()
CRITICAL - 2024-02-02 04:46:26 --> ErrorException: require_once(/home/ftp/4/4t8iks/wwwroot/app//Views/public/music_player.php): Failed to open stream: No such file or directory
in APPPATH/Views/public/footer.php on line 2.
 1 APPPATH/Views/public/footer.php(2): CodeIgniter\Debug\Exceptions->errorHandler()
 2 APPPATH/Views/public/footer.php(2): require_once()
 3 SYSTEMPATH/View/View.php(228): include('/home/ftp/4/4t8iks/wwwroot/app/Views/public/footer.php')
 4 SYSTEMPATH/View/View.php(231): CodeIgniter\View\View->CodeIgniter\View\{closure}()
 5 SYSTEMPATH/Common.php(1178): CodeIgniter\View\View->render()
 6 APPPATH/Controllers/Home.php(14): view()
 7 SYSTEMPATH/CodeIgniter.php(941): App\Controllers\Home->index()
 8 SYSTEMPATH/CodeIgniter.php(502): CodeIgniter\CodeIgniter->runController()
 9 SYSTEMPATH/CodeIgniter.php(361): CodeIgniter\CodeIgniter->handleRequest()
10 FCPATH/index.php(79): CodeIgniter\CodeIgniter->run()
